0 info it worked if it ends with ok
1 verbose cli [ '/usr/local/bin/node',
1 verbose cli   '/usr/local/bin/npm',
1 verbose cli   'install',
1 verbose cli   'node-debug' ]
2 info using npm@3.8.3
3 info using node@v5.10.1
4 silly loadCurrentTree Starting
5 silly install loadCurrentTree
6 silly install readLocalPackageData
7 silly fetchPackageMetaData node-debug
8 silly fetchNamedPackageData node-debug
9 silly mapToRegistry name node-debug
10 silly mapToRegistry using default registry
11 silly mapToRegistry registry http://artifactory.appdirect.com/artifactory/api/npm/npm-repo
12 silly mapToRegistry data Result {
12 silly mapToRegistry   raw: 'node-debug',
12 silly mapToRegistry   scope: null,
12 silly mapToRegistry   name: 'node-debug',
12 silly mapToRegistry   rawSpec: '',
12 silly mapToRegistry   spec: 'latest',
12 silly mapToRegistry   type: 'tag' }
13 silly mapToRegistry uri http://artifactory.appdirect.com/artifactory/api/npm/npm-repo/node-debug
14 verbose request uri http://artifactory.appdirect.com/artifactory/api/npm/npm-repo/node-debug
15 verbose request no auth needed
16 info attempt registry request try #1 at 5:56:07 PM
17 verbose request id 52b60d4f0bd4e4a7
18 http request GET http://artifactory.appdirect.com/artifactory/api/npm/npm-repo/node-debug
19 info retry will retry, error on last attempt: Error: connect ETIMEDOUT 52.2.131.245:80
20 info attempt registry request try #2 at 5:57:35 PM
21 http request GET http://artifactory.appdirect.com/artifactory/api/npm/npm-repo/node-debug
22 info retry will retry, error on last attempt: Error: connect ETIMEDOUT 52.21.230.183:80
23 info attempt registry request try #3 at 5:59:52 PM
24 http request GET http://artifactory.appdirect.com/artifactory/api/npm/npm-repo/node-debug
25 silly fetchPackageMetaData Error: connect ETIMEDOUT 52.21.230.183:80
25 silly fetchPackageMetaData     at Object.exports._errnoException (util.js:890:11)
25 silly fetchPackageMetaData     at exports._exceptionWithHostPort (util.js:913:20)
25 silly fetchPackageMetaData     at TCPConnectWrap.afterConnect [as oncomplete] (net.js:1059:14)
25 silly fetchPackageMetaData  error for node-debug { [Error: connect ETIMEDOUT 52.21.230.183:80]
25 silly fetchPackageMetaData   code: 'ETIMEDOUT',
25 silly fetchPackageMetaData   errno: 'ETIMEDOUT',
25 silly fetchPackageMetaData   syscall: 'connect',
25 silly fetchPackageMetaData   address: '52.21.230.183',
25 silly fetchPackageMetaData   port: 80 }
26 silly rollbackFailedOptional Starting
27 silly rollbackFailedOptional Finishing
28 silly runTopLevelLifecycles Starting
29 silly runTopLevelLifecycles Finishing
30 silly install printInstalled
31 verbose stack Error: connect ETIMEDOUT 52.21.230.183:80
31 verbose stack     at Object.exports._errnoException (util.js:890:11)
31 verbose stack     at exports._exceptionWithHostPort (util.js:913:20)
31 verbose stack     at TCPConnectWrap.afterConnect [as oncomplete] (net.js:1059:14)
32 verbose cwd /Users/Angel/Projects/BackboneCongo
33 error Darwin 15.3.0
34 error argv "/usr/local/bin/node" "/usr/local/bin/npm" "install" "node-debug"
35 error node v5.10.1
36 error npm  v3.8.3
37 error code ETIMEDOUT
38 error errno ETIMEDOUT
39 error syscall connect
40 error network connect ETIMEDOUT 52.21.230.183:80
41 error network This is most likely not a problem with npm itself
41 error network and is related to network connectivity.
41 error network In most cases you are behind a proxy or have bad network settings.
41 error network
41 error network If you are behind a proxy, please make sure that the
41 error network 'proxy' config is set properly.  See: 'npm help config'
42 verbose exit [ 1, true ]
